<?xml version="1.0" encoding="UTF-8"?>
<!-- Generated by org.testng.reporters.JUnitXMLReporter -->
<testsuite ignored="0" hostname="LAPTOP-E8FUK2O2" failures="0" tests="3" name="Default test" time="12.078" errors="0" timestamp="2026-01-15T17:39:05 IST">
  <testcase classname="com.automation.tests.LoginTests" name="verifyLoginPageIsDisplayed" time="0.204"/>
  <testcase classname="com.automation.tests.LoginTests" name="verifyLoginWithValidCredentials" time="2.67"/>
  <testcase classname="com.automation.tests.LoginTests" name="verifyLoginWithInValidPassword" time="2.749"/>
</testsuite> <!-- Default test -->
