<?xml version="1.0" encoding="UTF-8"?>
<!-- Generated by org.testng.reporters.JUnitXMLReporter -->
<testsuite ignored="7" hostname="LAPTOP-E8FUK2O2" failures="0" tests="1" name="Default test" time="3.541" errors="0" timestamp="2026-01-19T11:55:39 IST">
  <testcase classname="com.automation.tests.LoginTests" name="verifyPasswordMasking" time="0.27"/>
  <testcase classname="com.automation.tests.LoginTests" name="verifyLoginWithUnregisteredEmail" time="0.0">
    <ignored/>
  </testcase> <!-- verifyLoginWithUnregisteredEmail -->
  <testcase classname="com.automation.tests.LoginTests" name="verifyInvalidEmailFormatValidation" time="0.0">
    <ignored/>
  </testcase> <!-- verifyInvalidEmailFormatValidation -->
  <testcase classname="com.automation.tests.LoginTests" name="verifyBlankSubmission" time="0.0">
    <ignored/>
  </testcase> <!-- verifyBlankSubmission -->
  <testcase classname="com.automation.tests.LoginTests" name="verifyLoginWithValidCredentials" time="0.0">
    <ignored/>
  </testcase> <!-- verifyLoginWithValidCredentials -->
  <testcase classname="com.automation.tests.LoginTests" name="verifyLoginWithIncorrectPassword" time="0.0">
    <ignored/>
  </testcase> <!-- verifyLoginWithIncorrectPassword -->
  <testcase classname="com.automation.tests.LoginTests" name="verifyLoginPageIsDisplayed" time="0.0">
    <ignored/>
  </testcase> <!-- verifyLoginPageIsDisplayed -->
  <testcase classname="com.automation.tests.LoginTests" name="verifyCaseSensitivityPassword" time="0.0">
    <ignored/>
  </testcase> <!-- verifyCaseSensitivityPassword -->
</testsuite> <!-- Default test -->
