<?xml version="1.0" encoding="UTF-8"?>
<!-- Generated by org.testng.reporters.JUnitXMLReporter -->
<testsuite ignored="4" hostname="LAPTOP-E8FUK2O2" failures="0" tests="1" name="Default test" time="25.257" errors="0" timestamp="2026-02-06T11:41:06 IST">
  <testcase classname="com.automation.tests.DashboardTests" name="TC_DB_005_verifyConcurrentTabLogout" time="22.213"/>
  <testcase classname="com.automation.tests.DashboardTests" name="TC_DB_004_verifyUnauthorizedPageAccess" time="0.0">
    <ignored/>
  </testcase> <!-- TC_DB_004_verifyUnauthorizedPageAccess -->
  <testcase classname="com.automation.tests.DashboardTests" name="TC_DB_003_verifySidebarMenuRedirection" time="0.0">
    <ignored/>
  </testcase> <!-- TC_DB_003_verifySidebarMenuRedirection -->
  <testcase classname="com.automation.tests.DashboardTests" name="TC_DB_001_verifyDashboardAccessAdmin" time="0.0">
    <ignored/>
  </testcase> <!-- TC_DB_001_verifyDashboardAccessAdmin -->
  <testcase classname="com.automation.tests.DashboardTests" name="TC_DB_002_verifyDashboardAccessRestrictedUser" time="0.0">
    <ignored/>
  </testcase> <!-- TC_DB_002_verifyDashboardAccessRestrictedUser -->
</testsuite> <!-- Default test -->
