<?xml version="1.0" encoding="UTF-8"?>
<testng-results ignored="0" total="1" passed="1" failed="0" skipped="0">
  <reporter-output>
  </reporter-output>
  <suite started-at="2026-02-06T11:40:41 IST" name="Default suite" finished-at="2026-02-06T11:41:06 IST" duration-ms="25257">
    <groups>
    </groups>
    <test started-at="2026-02-06T11:40:41 IST" name="Default test" finished-at="2026-02-06T11:41:06 IST" duration-ms="25257">
      <class name="com.automation.tests.DashboardTests">
        <test-method is-config="true" signature="beforeSuite()[pri:0, instance:com.automation.tests.DashboardTests@576f63f6]" started-at="2026-02-06T11:40:41 IST" name="beforeSuite" finished-at="2026-02-06T11:40:41 IST" duration-ms="104" status="PASS">
          <reporter-output>
          </reporter-output>
        </test-method> <!-- beforeSuite -->
        <test-method is-config="true" signature="beforeMethod(java.lang.reflect.Method)[pri:0, instance:com.automation.tests.DashboardTests@576f63f6]" started-at="2026-02-06T11:40:41 IST" name="beforeMethod" finished-at="2026-02-06T11:40:44 IST" duration-ms="2902" status="PASS">
          <params>
            <param index="0">
              <value>
                <![CDATA[public void com.automation.tests.DashboardTests.TC_DB_005_verifyConcurrentTabLogout()]]>
              </value>
            </param>
          </params>
          <reporter-output>
          </reporter-output>
        </test-method> <!-- beforeMethod -->
        <test-method signature="TC_DB_005_verifyConcurrentTabLogout()[pri:5, instance:com.automation.tests.DashboardTests@576f63f6]" started-at="2026-02-06T11:40:44 IST" name="TC_DB_005_verifyConcurrentTabLogout" finished-at="2026-02-06T11:41:06 IST" duration-ms="22213" status="PASS">
          <reporter-output>
          </reporter-output>
        </test-method> <!-- TC_DB_005_verifyConcurrentTabLogout -->
        <test-method is-config="true" signature="afterMethod(org.testng.ITestResult)[pri:0, instance:com.automation.tests.DashboardTests@576f63f6]" started-at="2026-02-06T11:41:06 IST" name="afterMethod" finished-at="2026-02-06T11:41:06 IST" duration-ms="126" status="PASS">
          <params>
            <param index="0">
              <value>
                <![CDATA[[TestResult name=TC_DB_005_verifyConcurrentTabLogout status=SUCCESS method=DashboardTests.TC_DB_005_verifyConcurrentTabLogout()[pri:5, instance:com.automation.tests.DashboardTests@576f63f6] output={null}]]]>
              </value>
            </param>
          </params>
          <reporter-output>
          </reporter-output>
        </test-method> <!-- afterMethod -->
        <test-method is-config="true" signature="afterSuite()[pri:0, instance:com.automation.tests.DashboardTests@576f63f6]" started-at="2026-02-06T11:41:06 IST" name="afterSuite" finished-at="2026-02-06T11:41:06 IST" duration-ms="180" status="PASS">
          <reporter-output>
          </reporter-output>
        </test-method> <!-- afterSuite -->
      </class> <!-- com.automation.tests.DashboardTests -->
    </test> <!-- Default test -->
  </suite> <!-- Default suite -->
</testng-results>
