<?xml version="1.0" encoding="UTF-8"?>
<testng-results ignored="0" total="2" passed="2" failed="0" skipped="0">
  <reporter-output>
  </reporter-output>
  <suite started-at="2026-01-08T16:19:33 IST" name="Selenium Test Suite" finished-at="2026-01-08T16:19:39 IST" duration-ms="5841">
    <groups>
    </groups>
    <test started-at="2026-01-08T16:19:33 IST" name="Login Tests" finished-at="2026-01-08T16:19:39 IST" duration-ms="5841">
      <class name="com.automation.tests.LoginTests">
        <test-method is-config="true" signature="setUp()[pri:0, instance:com.automation.tests.LoginTests@6302bbb1]" started-at="2026-01-08T16:19:33 IST" name="setUp" finished-at="2026-01-08T16:19:36 IST" duration-ms="2564" status="PASS">
          <reporter-output>
          </reporter-output>
        </test-method> <!-- setUp -->
        <test-method signature="verifyLoginPageIsDisplayed()[pri:1, instance:com.automation.tests.LoginTests@6302bbb1]" started-at="2026-01-08T16:19:36 IST" name="verifyLoginPageIsDisplayed" finished-at="2026-01-08T16:19:36 IST" duration-ms="204" status="PASS">
          <reporter-output>
          </reporter-output>
        </test-method> <!-- verifyLoginPageIsDisplayed -->
        <test-method is-config="true" signature="tearDown()[pri:0, instance:com.automation.tests.LoginTests@6302bbb1]" started-at="2026-01-08T16:19:36 IST" name="tearDown" finished-at="2026-01-08T16:19:36 IST" duration-ms="249" status="PASS">
          <reporter-output>
          </reporter-output>
        </test-method> <!-- tearDown -->
        <test-method is-config="true" signature="setUp()[pri:0, instance:com.automation.tests.LoginTests@6302bbb1]" started-at="2026-01-08T16:19:36 IST" name="setUp" finished-at="2026-01-08T16:19:37 IST" duration-ms="1337" status="PASS">
          <reporter-output>
          </reporter-output>
        </test-method> <!-- setUp -->
        <test-method signature="verifyLoginWithValidCredentials()[pri:2, instance:com.automation.tests.LoginTests@6302bbb1]" started-at="2026-01-08T16:19:37 IST" name="verifyLoginWithValidCredentials" finished-at="2026-01-08T16:19:39 IST" duration-ms="1196" status="PASS">
          <reporter-output>
          </reporter-output>
        </test-method> <!-- verifyLoginWithValidCredentials -->
        <test-method is-config="true" signature="tearDown()[pri:0, instance:com.automation.tests.LoginTests@6302bbb1]" started-at="2026-01-08T16:19:39 IST" name="tearDown" finished-at="2026-01-08T16:19:39 IST" duration-ms="263" status="PASS">
          <reporter-output>
          </reporter-output>
        </test-method> <!-- tearDown -->
      </class> <!-- com.automation.tests.LoginTests -->
    </test> <!-- Login Tests -->
  </suite> <!-- Selenium Test Suite -->
</testng-results>
