<?xml version="1.0" encoding="UTF-8"?>
<testng-results ignored="0" total="9" passed="9" failed="0" skipped="0">
  <reporter-output>
  </reporter-output>
  <suite started-at="2026-01-19T17:42:47 IST" name="Selenium Test Suite" finished-at="2026-01-19T17:43:18 IST" duration-ms="30634">
    <groups>
    </groups>
    <test started-at="2026-01-19T17:42:47 IST" name="Login Tests" finished-at="2026-01-19T17:43:18 IST" duration-ms="30634">
      <class name="com.automation.tests.LoginTests">
        <test-method is-config="true" signature="resetScreenshotCounter()[pri:0, instance:com.automation.tests.LoginTests@557caf28]" started-at="2026-01-19T17:42:47 IST" name="resetScreenshotCounter" finished-at="2026-01-19T17:42:47 IST" duration-ms="8" status="PASS">
          <reporter-output>
          </reporter-output>
        </test-method> <!-- resetScreenshotCounter -->
        <test-method is-config="true" signature="setUp()[pri:0, instance:com.automation.tests.LoginTests@557caf28]" started-at="2026-01-19T17:42:48 IST" name="setUp" finished-at="2026-01-19T17:42:50 IST" duration-ms="2759" status="PASS">
          <reporter-output>
          </reporter-output>
        </test-method> <!-- setUp -->
        <test-method is-config="true" signature="setupReport()[pri:0, instance:com.automation.tests.LoginTests@557caf28]" started-at="2026-01-19T17:42:50 IST" name="setupReport" finished-at="2026-01-19T17:42:50 IST" duration-ms="111" status="PASS">
          <reporter-output>
          </reporter-output>
        </test-method> <!-- setupReport -->
        <test-method signature="verifyLoginPageIsDisplayed()[pri:1, instance:com.automation.tests.LoginTests@557caf28]" started-at="2026-01-19T17:42:50 IST" name="verifyLoginPageIsDisplayed" finished-at="2026-01-19T17:42:51 IST" duration-ms="228" status="PASS">
          <reporter-output>
          </reporter-output>
        </test-method> <!-- verifyLoginPageIsDisplayed -->
        <test-method is-config="true" signature="tearDown(org.testng.ITestResult)[pri:0, instance:com.automation.tests.LoginTests@557caf28]" started-at="2026-01-19T17:42:51 IST" name="tearDown" finished-at="2026-01-19T17:42:51 IST" duration-ms="265" status="PASS">
          <params>
            <param index="0">
              <value>
                <![CDATA[[TestResult name=verifyLoginPageIsDisplayed status=SUCCESS method=LoginTests.verifyLoginPageIsDisplayed()[pri:1, instance:com.automation.tests.LoginTests@557caf28] output={null}]]]>
              </value>
            </param>
          </params>
          <reporter-output>
          </reporter-output>
        </test-method> <!-- tearDown -->
        <test-method is-config="true" signature="tearDownReport()[pri:0, instance:com.automation.tests.LoginTests@557caf28]" started-at="2026-01-19T17:42:51 IST" name="tearDownReport" finished-at="2026-01-19T17:42:51 IST" duration-ms="164" status="PASS">
          <reporter-output>
          </reporter-output>
        </test-method> <!-- tearDownReport -->
        <test-method is-config="true" signature="setUp()[pri:0, instance:com.automation.tests.LoginTests@557caf28]" started-at="2026-01-19T17:42:51 IST" name="setUp" finished-at="2026-01-19T17:42:52 IST" duration-ms="1354" status="PASS">
          <reporter-output>
          </reporter-output>
        </test-method> <!-- setUp -->
        <test-method signature="verifyLoginWithValidCredentials()[pri:2, instance:com.automation.tests.LoginTests@557caf28]" started-at="2026-01-19T17:42:52 IST" name="verifyLoginWithValidCredentials" finished-at="2026-01-19T17:42:55 IST" duration-ms="2771" status="PASS">
          <reporter-output>
          </reporter-output>
        </test-method> <!-- verifyLoginWithValidCredentials -->
        <test-method is-config="true" signature="setupReport()[pri:0, instance:com.automation.tests.LoginTests@557caf28]" started-at="2026-01-19T17:42:52 IST" name="setupReport" finished-at="2026-01-19T17:42:52 IST" duration-ms="0" status="PASS">
          <reporter-output>
          </reporter-output>
        </test-method> <!-- setupReport -->
        <test-method is-config="true" signature="tearDown(org.testng.ITestResult)[pri:0, instance:com.automation.tests.LoginTests@557caf28]" started-at="2026-01-19T17:42:55 IST" name="tearDown" finished-at="2026-01-19T17:42:55 IST" duration-ms="185" status="PASS">
          <params>
            <param index="0">
              <value>
                <![CDATA[[TestResult name=verifyLoginWithValidCredentials status=SUCCESS method=LoginTests.verifyLoginWithValidCredentials()[pri:2, instance:com.automation.tests.LoginTests@557caf28] output={null}]]]>
              </value>
            </param>
          </params>
          <reporter-output>
          </reporter-output>
        </test-method> <!-- tearDown -->
        <test-method is-config="true" signature="tearDownReport()[pri:0, instance:com.automation.tests.LoginTests@557caf28]" started-at="2026-01-19T17:42:55 IST" name="tearDownReport" finished-at="2026-01-19T17:42:55 IST" duration-ms="8" status="PASS">
          <reporter-output>
          </reporter-output>
        </test-method> <!-- tearDownReport -->
        <test-method is-config="true" signature="setUp()[pri:0, instance:com.automation.tests.LoginTests@557caf28]" started-at="2026-01-19T17:42:55 IST" name="setUp" finished-at="2026-01-19T17:42:57 IST" duration-ms="1511" status="PASS">
          <reporter-output>
          </reporter-output>
        </test-method> <!-- setUp -->
        <test-method signature="verifyLoginWithIncorrectPassword()[pri:3, instance:com.automation.tests.LoginTests@557caf28]" started-at="2026-01-19T17:42:57 IST" name="verifyLoginWithIncorrectPassword" finished-at="2026-01-19T17:43:00 IST" duration-ms="2994" status="PASS">
          <reporter-output>
          </reporter-output>
        </test-method> <!-- verifyLoginWithIncorrectPassword -->
        <test-method is-config="true" signature="setupReport()[pri:0, instance:com.automation.tests.LoginTests@557caf28]" started-at="2026-01-19T17:42:57 IST" name="setupReport" finished-at="2026-01-19T17:42:57 IST" duration-ms="0" status="PASS">
          <reporter-output>
          </reporter-output>
        </test-method> <!-- setupReport -->
        <test-method is-config="true" signature="tearDown(org.testng.ITestResult)[pri:0, instance:com.automation.tests.LoginTests@557caf28]" started-at="2026-01-19T17:43:00 IST" name="tearDown" finished-at="2026-01-19T17:43:00 IST" duration-ms="277" status="PASS">
          <params>
            <param index="0">
              <value>
                <![CDATA[[TestResult name=verifyLoginWithIncorrectPassword status=SUCCESS method=LoginTests.verifyLoginWithIncorrectPassword()[pri:3, instance:com.automation.tests.LoginTests@557caf28] output={null}]]]>
              </value>
            </param>
          </params>
          <reporter-output>
          </reporter-output>
        </test-method> <!-- tearDown -->
        <test-method is-config="true" signature="tearDownReport()[pri:0, instance:com.automation.tests.LoginTests@557caf28]" started-at="2026-01-19T17:43:00 IST" name="tearDownReport" finished-at="2026-01-19T17:43:00 IST" duration-ms="13" status="PASS">
          <reporter-output>
          </reporter-output>
        </test-method> <!-- tearDownReport -->
        <test-method is-config="true" signature="setUp()[pri:0, instance:com.automation.tests.LoginTests@557caf28]" started-at="2026-01-19T17:43:00 IST" name="setUp" finished-at="2026-01-19T17:43:01 IST" duration-ms="1306" status="PASS">
          <reporter-output>
          </reporter-output>
        </test-method> <!-- setUp -->
        <test-method signature="verifyLoginWithUnregisteredEmail()[pri:4, instance:com.automation.tests.LoginTests@557caf28]" started-at="2026-01-19T17:43:01 IST" name="verifyLoginWithUnregisteredEmail" finished-at="2026-01-19T17:43:04 IST" duration-ms="2660" status="PASS">
          <reporter-output>
          </reporter-output>
        </test-method> <!-- verifyLoginWithUnregisteredEmail -->
        <test-method is-config="true" signature="setupReport()[pri:0, instance:com.automation.tests.LoginTests@557caf28]" started-at="2026-01-19T17:43:01 IST" name="setupReport" finished-at="2026-01-19T17:43:01 IST" duration-ms="0" status="PASS">
          <reporter-output>
          </reporter-output>
        </test-method> <!-- setupReport -->
        <test-method is-config="true" signature="tearDown(org.testng.ITestResult)[pri:0, instance:com.automation.tests.LoginTests@557caf28]" started-at="2026-01-19T17:43:04 IST" name="tearDown" finished-at="2026-01-19T17:43:04 IST" duration-ms="264" status="PASS">
          <params>
            <param index="0">
              <value>
                <![CDATA[[TestResult name=verifyLoginWithUnregisteredEmail status=SUCCESS method=LoginTests.verifyLoginWithUnregisteredEmail()[pri:4, instance:com.automation.tests.LoginTests@557caf28] output={null}]]]>
              </value>
            </param>
          </params>
          <reporter-output>
          </reporter-output>
        </test-method> <!-- tearDown -->
        <test-method is-config="true" signature="tearDownReport()[pri:0, instance:com.automation.tests.LoginTests@557caf28]" started-at="2026-01-19T17:43:04 IST" name="tearDownReport" finished-at="2026-01-19T17:43:04 IST" duration-ms="5" status="PASS">
          <reporter-output>
          </reporter-output>
        </test-method> <!-- tearDownReport -->
        <test-method is-config="true" signature="setUp()[pri:0, instance:com.automation.tests.LoginTests@557caf28]" started-at="2026-01-19T17:43:04 IST" name="setUp" finished-at="2026-01-19T17:43:06 IST" duration-ms="1275" status="PASS">
          <reporter-output>
          </reporter-output>
        </test-method> <!-- setUp -->
        <test-method signature="verifyPasswordMasking()[pri:5, instance:com.automation.tests.LoginTests@557caf28]" started-at="2026-01-19T17:43:06 IST" name="verifyPasswordMasking" finished-at="2026-01-19T17:43:06 IST" duration-ms="103" status="PASS">
          <reporter-output>
          </reporter-output>
        </test-method> <!-- verifyPasswordMasking -->
        <test-method is-config="true" signature="setupReport()[pri:0, instance:com.automation.tests.LoginTests@557caf28]" started-at="2026-01-19T17:43:06 IST" name="setupReport" finished-at="2026-01-19T17:43:06 IST" duration-ms="0" status="PASS">
          <reporter-output>
          </reporter-output>
        </test-method> <!-- setupReport -->
        <test-method is-config="true" signature="tearDown(org.testng.ITestResult)[pri:0, instance:com.automation.tests.LoginTests@557caf28]" started-at="2026-01-19T17:43:06 IST" name="tearDown" finished-at="2026-01-19T17:43:06 IST" duration-ms="250" status="PASS">
          <params>
            <param index="0">
              <value>
                <![CDATA[[TestResult name=verifyPasswordMasking status=SUCCESS method=LoginTests.verifyPasswordMasking()[pri:5, instance:com.automation.tests.LoginTests@557caf28] output={null}]]]>
              </value>
            </param>
          </params>
          <reporter-output>
          </reporter-output>
        </test-method> <!-- tearDown -->
        <test-method is-config="true" signature="tearDownReport()[pri:0, instance:com.automation.tests.LoginTests@557caf28]" started-at="2026-01-19T17:43:06 IST" name="tearDownReport" finished-at="2026-01-19T17:43:06 IST" duration-ms="8" status="PASS">
          <reporter-output>
          </reporter-output>
        </test-method> <!-- tearDownReport -->
        <test-method is-config="true" signature="setUp()[pri:0, instance:com.automation.tests.LoginTests@557caf28]" started-at="2026-01-19T17:43:06 IST" name="setUp" finished-at="2026-01-19T17:43:07 IST" duration-ms="1277" status="PASS">
          <reporter-output>
          </reporter-output>
        </test-method> <!-- setUp -->
        <test-method signature="verifyCaseSensitivityPassword()[pri:6, instance:com.automation.tests.LoginTests@557caf28]" started-at="2026-01-19T17:43:07 IST" name="verifyCaseSensitivityPassword" finished-at="2026-01-19T17:43:10 IST" duration-ms="2763" status="PASS">
          <reporter-output>
          </reporter-output>
        </test-method> <!-- verifyCaseSensitivityPassword -->
        <test-method is-config="true" signature="setupReport()[pri:0, instance:com.automation.tests.LoginTests@557caf28]" started-at="2026-01-19T17:43:07 IST" name="setupReport" finished-at="2026-01-19T17:43:07 IST" duration-ms="0" status="PASS">
          <reporter-output>
          </reporter-output>
        </test-method> <!-- setupReport -->
        <test-method is-config="true" signature="tearDown(org.testng.ITestResult)[pri:0, instance:com.automation.tests.LoginTests@557caf28]" started-at="2026-01-19T17:43:10 IST" name="tearDown" finished-at="2026-01-19T17:43:10 IST" duration-ms="266" status="PASS">
          <params>
            <param index="0">
              <value>
                <![CDATA[[TestResult name=verifyCaseSensitivityPassword status=SUCCESS method=LoginTests.verifyCaseSensitivityPassword()[pri:6, instance:com.automation.tests.LoginTests@557caf28] output={null}]]]>
              </value>
            </param>
          </params>
          <reporter-output>
          </reporter-output>
        </test-method> <!-- tearDown -->
        <test-method is-config="true" signature="tearDownReport()[pri:0, instance:com.automation.tests.LoginTests@557caf28]" started-at="2026-01-19T17:43:10 IST" name="tearDownReport" finished-at="2026-01-19T17:43:10 IST" duration-ms="6" status="PASS">
          <reporter-output>
          </reporter-output>
        </test-method> <!-- tearDownReport -->
        <test-method is-config="true" signature="setUp()[pri:0, instance:com.automation.tests.LoginTests@557caf28]" started-at="2026-01-19T17:43:10 IST" name="setUp" finished-at="2026-01-19T17:43:12 IST" duration-ms="1286" status="PASS">
          <reporter-output>
          </reporter-output>
        </test-method> <!-- setUp -->
        <test-method signature="verifyBlankSubmission()[pri:7, instance:com.automation.tests.LoginTests@557caf28]" started-at="2026-01-19T17:43:12 IST" name="verifyBlankSubmission" finished-at="2026-01-19T17:43:12 IST" duration-ms="804" status="PASS">
          <reporter-output>
          </reporter-output>
        </test-method> <!-- verifyBlankSubmission -->
        <test-method is-config="true" signature="setupReport()[pri:0, instance:com.automation.tests.LoginTests@557caf28]" started-at="2026-01-19T17:43:12 IST" name="setupReport" finished-at="2026-01-19T17:43:12 IST" duration-ms="0" status="PASS">
          <reporter-output>
          </reporter-output>
        </test-method> <!-- setupReport -->
        <test-method is-config="true" signature="tearDown(org.testng.ITestResult)[pri:0, instance:com.automation.tests.LoginTests@557caf28]" started-at="2026-01-19T17:43:12 IST" name="tearDown" finished-at="2026-01-19T17:43:13 IST" duration-ms="231" status="PASS">
          <params>
            <param index="0">
              <value>
                <![CDATA[[TestResult name=verifyBlankSubmission status=SUCCESS method=LoginTests.verifyBlankSubmission()[pri:7, instance:com.automation.tests.LoginTests@557caf28] output={null}]]]>
              </value>
            </param>
          </params>
          <reporter-output>
          </reporter-output>
        </test-method> <!-- tearDown -->
        <test-method is-config="true" signature="tearDownReport()[pri:0, instance:com.automation.tests.LoginTests@557caf28]" started-at="2026-01-19T17:43:13 IST" name="tearDownReport" finished-at="2026-01-19T17:43:13 IST" duration-ms="9" status="PASS">
          <reporter-output>
          </reporter-output>
        </test-method> <!-- tearDownReport -->
        <test-method is-config="true" signature="setUp()[pri:0, instance:com.automation.tests.LoginTests@557caf28]" started-at="2026-01-19T17:43:13 IST" name="setUp" finished-at="2026-01-19T17:43:14 IST" duration-ms="1310" status="PASS">
          <reporter-output>
          </reporter-output>
        </test-method> <!-- setUp -->
        <test-method signature="verifyInvalidEmailFormatValidation()[pri:8, instance:com.automation.tests.LoginTests@557caf28]" started-at="2026-01-19T17:43:14 IST" name="verifyInvalidEmailFormatValidation" finished-at="2026-01-19T17:43:15 IST" duration-ms="1221" status="PASS">
          <reporter-output>
          </reporter-output>
        </test-method> <!-- verifyInvalidEmailFormatValidation -->
        <test-method is-config="true" signature="setupReport()[pri:0, instance:com.automation.tests.LoginTests@557caf28]" started-at="2026-01-19T17:43:14 IST" name="setupReport" finished-at="2026-01-19T17:43:14 IST" duration-ms="0" status="PASS">
          <reporter-output>
          </reporter-output>
        </test-method> <!-- setupReport -->
        <test-method is-config="true" signature="tearDown(org.testng.ITestResult)[pri:0, instance:com.automation.tests.LoginTests@557caf28]" started-at="2026-01-19T17:43:15 IST" name="tearDown" finished-at="2026-01-19T17:43:16 IST" duration-ms="1198" status="PASS">
          <params>
            <param index="0">
              <value>
                <![CDATA[[TestResult name=verifyInvalidEmailFormatValidation status=SUCCESS method=LoginTests.verifyInvalidEmailFormatValidation()[pri:8, instance:com.automation.tests.LoginTests@557caf28] output={null}]]]>
              </value>
            </param>
          </params>
          <reporter-output>
          </reporter-output>
        </test-method> <!-- tearDown -->
        <test-method is-config="true" signature="tearDownReport()[pri:0, instance:com.automation.tests.LoginTests@557caf28]" started-at="2026-01-19T17:43:16 IST" name="tearDownReport" finished-at="2026-01-19T17:43:16 IST" duration-ms="5" status="PASS">
          <reporter-output>
          </reporter-output>
        </test-method> <!-- tearDownReport -->
        <test-method is-config="true" signature="setUp()[pri:0, instance:com.automation.tests.LoginTests@557caf28]" started-at="2026-01-19T17:43:16 IST" name="setUp" finished-at="2026-01-19T17:43:18 IST" duration-ms="1286" status="PASS">
          <reporter-output>
          </reporter-output>
        </test-method> <!-- setUp -->
        <test-method signature="verifyPasswordVisibilityToggle()[pri:9, instance:com.automation.tests.LoginTests@557caf28]" started-at="2026-01-19T17:43:18 IST" name="verifyPasswordVisibilityToggle" finished-at="2026-01-19T17:43:18 IST" duration-ms="166" status="PASS">
          <reporter-output>
          </reporter-output>
        </test-method> <!-- verifyPasswordVisibilityToggle -->
        <test-method is-config="true" signature="setupReport()[pri:0, instance:com.automation.tests.LoginTests@557caf28]" started-at="2026-01-19T17:43:18 IST" name="setupReport" finished-at="2026-01-19T17:43:18 IST" duration-ms="0" status="PASS">
          <reporter-output>
          </reporter-output>
        </test-method> <!-- setupReport -->
        <test-method is-config="true" signature="tearDown(org.testng.ITestResult)[pri:0, instance:com.automation.tests.LoginTests@557caf28]" started-at="2026-01-19T17:43:18 IST" name="tearDown" finished-at="2026-01-19T17:43:18 IST" duration-ms="254" status="PASS">
          <params>
            <param index="0">
              <value>
                <![CDATA[[TestResult name=verifyPasswordVisibilityToggle status=SUCCESS method=LoginTests.verifyPasswordVisibilityToggle()[pri:9, instance:com.automation.tests.LoginTests@557caf28] output={null}]]]>
              </value>
            </param>
          </params>
          <reporter-output>
          </reporter-output>
        </test-method> <!-- tearDown -->
        <test-method is-config="true" signature="tearDownReport()[pri:0, instance:com.automation.tests.LoginTests@557caf28]" started-at="2026-01-19T17:43:18 IST" name="tearDownReport" finished-at="2026-01-19T17:43:18 IST" duration-ms="8" status="PASS">
          <reporter-output>
          </reporter-output>
        </test-method> <!-- tearDownReport -->
      </class> <!-- com.automation.tests.LoginTests -->
    </test> <!-- Login Tests -->
  </suite> <!-- Selenium Test Suite -->
</testng-results>
