<?xml version="1.0" encoding="UTF-8"?>
<testng-results ignored="0" total="3" passed="3" failed="0" skipped="0">
  <reporter-output>
  </reporter-output>
  <suite started-at="2026-01-15T17:38:53 IST" name="Default suite" finished-at="2026-01-15T17:39:05 IST" duration-ms="12078">
    <groups>
    </groups>
    <test started-at="2026-01-15T17:38:53 IST" name="Default test" finished-at="2026-01-15T17:39:05 IST" duration-ms="12078">
      <class name="com.automation.tests.LoginTests">
        <test-method is-config="true" signature="setUp()[pri:0, instance:com.automation.tests.LoginTests@6f1de4c7]" started-at="2026-01-15T17:38:53 IST" name="setUp" finished-at="2026-01-15T17:38:56 IST" duration-ms="2727" status="PASS">
          <reporter-output>
          </reporter-output>
        </test-method> <!-- setUp -->
        <test-method is-config="true" signature="setupReport()[pri:0, instance:com.automation.tests.LoginTests@6f1de4c7]" started-at="2026-01-15T17:38:56 IST" name="setupReport" finished-at="2026-01-15T17:38:56 IST" duration-ms="107" status="PASS">
          <reporter-output>
          </reporter-output>
        </test-method> <!-- setupReport -->
        <test-method signature="verifyLoginPageIsDisplayed()[pri:1, instance:com.automation.tests.LoginTests@6f1de4c7]" started-at="2026-01-15T17:38:56 IST" name="verifyLoginPageIsDisplayed" finished-at="2026-01-15T17:38:56 IST" duration-ms="204" status="PASS">
          <reporter-output>
          </reporter-output>
        </test-method> <!-- verifyLoginPageIsDisplayed -->
        <test-method is-config="true" signature="tearDown(org.testng.ITestResult)[pri:0, instance:com.automation.tests.LoginTests@6f1de4c7]" started-at="2026-01-15T17:38:56 IST" name="tearDown" finished-at="2026-01-15T17:38:56 IST" duration-ms="265" status="PASS">
          <params>
            <param index="0">
              <value>
                <![CDATA[[TestResult name=verifyLoginPageIsDisplayed status=SUCCESS method=LoginTests.verifyLoginPageIsDisplayed()[pri:1, instance:com.automation.tests.LoginTests@6f1de4c7] output={null}]]]>
              </value>
            </param>
          </params>
          <reporter-output>
          </reporter-output>
        </test-method> <!-- tearDown -->
        <test-method is-config="true" signature="tearDownReport()[pri:0, instance:com.automation.tests.LoginTests@6f1de4c7]" started-at="2026-01-15T17:38:56 IST" name="tearDownReport" finished-at="2026-01-15T17:38:57 IST" duration-ms="164" status="PASS">
          <reporter-output>
          </reporter-output>
        </test-method> <!-- tearDownReport -->
        <test-method is-config="true" signature="setUp()[pri:0, instance:com.automation.tests.LoginTests@6f1de4c7]" started-at="2026-01-15T17:38:57 IST" name="setUp" finished-at="2026-01-15T17:38:58 IST" duration-ms="1361" status="PASS">
          <reporter-output>
          </reporter-output>
        </test-method> <!-- setUp -->
        <test-method is-config="true" signature="setupReport()[pri:0, instance:com.automation.tests.LoginTests@6f1de4c7]" started-at="2026-01-15T17:38:58 IST" name="setupReport" finished-at="2026-01-15T17:38:58 IST" duration-ms="1" status="PASS">
          <reporter-output>
          </reporter-output>
        </test-method> <!-- setupReport -->
        <test-method signature="verifyLoginWithValidCredentials()[pri:2, instance:com.automation.tests.LoginTests@6f1de4c7]" started-at="2026-01-15T17:38:58 IST" name="verifyLoginWithValidCredentials" finished-at="2026-01-15T17:39:01 IST" duration-ms="2670" status="PASS">
          <reporter-output>
          </reporter-output>
        </test-method> <!-- verifyLoginWithValidCredentials -->
        <test-method is-config="true" signature="tearDown(org.testng.ITestResult)[pri:0, instance:com.automation.tests.LoginTests@6f1de4c7]" started-at="2026-01-15T17:39:01 IST" name="tearDown" finished-at="2026-01-15T17:39:01 IST" duration-ms="184" status="PASS">
          <params>
            <param index="0">
              <value>
                <![CDATA[[TestResult name=verifyLoginWithValidCredentials status=SUCCESS method=LoginTests.verifyLoginWithValidCredentials()[pri:2, instance:com.automation.tests.LoginTests@6f1de4c7] output={null}]]]>
              </value>
            </param>
          </params>
          <reporter-output>
          </reporter-output>
        </test-method> <!-- tearDown -->
        <test-method is-config="true" signature="tearDownReport()[pri:0, instance:com.automation.tests.LoginTests@6f1de4c7]" started-at="2026-01-15T17:39:01 IST" name="tearDownReport" finished-at="2026-01-15T17:39:01 IST" duration-ms="7" status="PASS">
          <reporter-output>
          </reporter-output>
        </test-method> <!-- tearDownReport -->
        <test-method is-config="true" signature="setUp()[pri:0, instance:com.automation.tests.LoginTests@6f1de4c7]" started-at="2026-01-15T17:39:01 IST" name="setUp" finished-at="2026-01-15T17:39:02 IST" duration-ms="1315" status="PASS">
          <reporter-output>
          </reporter-output>
        </test-method> <!-- setUp -->
        <test-method signature="verifyLoginWithInValidPassword()[pri:3, instance:com.automation.tests.LoginTests@6f1de4c7]" started-at="2026-01-15T17:39:02 IST" name="verifyLoginWithInValidPassword" finished-at="2026-01-15T17:39:05 IST" duration-ms="2749" status="PASS">
          <reporter-output>
          </reporter-output>
        </test-method> <!-- verifyLoginWithInValidPassword -->
        <test-method is-config="true" signature="setupReport()[pri:0, instance:com.automation.tests.LoginTests@6f1de4c7]" started-at="2026-01-15T17:39:02 IST" name="setupReport" finished-at="2026-01-15T17:39:02 IST" duration-ms="0" status="PASS">
          <reporter-output>
          </reporter-output>
        </test-method> <!-- setupReport -->
        <test-method is-config="true" signature="tearDown(org.testng.ITestResult)[pri:0, instance:com.automation.tests.LoginTests@6f1de4c7]" started-at="2026-01-15T17:39:05 IST" name="tearDown" finished-at="2026-01-15T17:39:05 IST" duration-ms="279" status="PASS">
          <params>
            <param index="0">
              <value>
                <![CDATA[[TestResult name=verifyLoginWithInValidPassword status=SUCCESS method=LoginTests.verifyLoginWithInValidPassword()[pri:3, instance:com.automation.tests.LoginTests@6f1de4c7] output={null}]]]>
              </value>
            </param>
          </params>
          <reporter-output>
          </reporter-output>
        </test-method> <!-- tearDown -->
        <test-method is-config="true" signature="tearDownReport()[pri:0, instance:com.automation.tests.LoginTests@6f1de4c7]" started-at="2026-01-15T17:39:05 IST" name="tearDownReport" finished-at="2026-01-15T17:39:05 IST" duration-ms="13" status="PASS">
          <reporter-output>
          </reporter-output>
        </test-method> <!-- tearDownReport -->
      </class> <!-- com.automation.tests.LoginTests -->
    </test> <!-- Default test -->
  </suite> <!-- Default suite -->
</testng-results>
