<?xml version="1.0" encoding="UTF-8"?>
<testng-results ignored="0" total="1" passed="1" failed="0" skipped="0">
  <reporter-output>
  </reporter-output>
  <suite started-at="2026-01-19T11:55:36 IST" name="Default suite" finished-at="2026-01-19T11:55:39 IST" duration-ms="3541">
    <groups>
    </groups>
    <test started-at="2026-01-19T11:55:36 IST" name="Default test" finished-at="2026-01-19T11:55:39 IST" duration-ms="3541">
      <class name="com.automation.tests.LoginTests">
        <test-method is-config="true" signature="resetScreenshotCounter()[pri:0, instance:com.automation.tests.LoginTests@557caf28]" started-at="2026-01-19T11:55:36 IST" name="resetScreenshotCounter" finished-at="2026-01-19T11:55:36 IST" duration-ms="7" status="PASS">
          <reporter-output>
          </reporter-output>
        </test-method> <!-- resetScreenshotCounter -->
        <test-method is-config="true" signature="setUp()[pri:0, instance:com.automation.tests.LoginTests@557caf28]" started-at="2026-01-19T11:55:36 IST" name="setUp" finished-at="2026-01-19T11:55:38 IST" duration-ms="2718" status="PASS">
          <reporter-output>
          </reporter-output>
        </test-method> <!-- setUp -->
        <test-method is-config="true" signature="setupReport()[pri:0, instance:com.automation.tests.LoginTests@557caf28]" started-at="2026-01-19T11:55:38 IST" name="setupReport" finished-at="2026-01-19T11:55:39 IST" duration-ms="118" status="PASS">
          <reporter-output>
          </reporter-output>
        </test-method> <!-- setupReport -->
        <test-method signature="verifyPasswordMasking()[pri:5, instance:com.automation.tests.LoginTests@557caf28]" started-at="2026-01-19T11:55:39 IST" name="verifyPasswordMasking" finished-at="2026-01-19T11:55:39 IST" duration-ms="270" status="PASS">
          <reporter-output>
          </reporter-output>
        </test-method> <!-- verifyPasswordMasking -->
        <test-method is-config="true" signature="tearDown(org.testng.ITestResult)[pri:0, instance:com.automation.tests.LoginTests@557caf28]" started-at="2026-01-19T11:55:39 IST" name="tearDown" finished-at="2026-01-19T11:55:39 IST" duration-ms="252" status="PASS">
          <params>
            <param index="0">
              <value>
                <![CDATA[[TestResult name=verifyPasswordMasking status=SUCCESS method=LoginTests.verifyPasswordMasking()[pri:5, instance:com.automation.tests.LoginTests@557caf28] output={null}]]]>
              </value>
            </param>
          </params>
          <reporter-output>
          </reporter-output>
        </test-method> <!-- tearDown -->
        <test-method is-config="true" signature="tearDownReport()[pri:0, instance:com.automation.tests.LoginTests@557caf28]" started-at="2026-01-19T11:55:39 IST" name="tearDownReport" finished-at="2026-01-19T11:55:39 IST" duration-ms="163" status="PASS">
          <reporter-output>
          </reporter-output>
        </test-method> <!-- tearDownReport -->
      </class> <!-- com.automation.tests.LoginTests -->
    </test> <!-- Default test -->
  </suite> <!-- Default suite -->
</testng-results>
