<?xml version="1.0" encoding="UTF-8"?>
<!-- Generated by org.testng.reporters.JUnitReportReporter -->
<testsuite hostname="LAPTOP-E8FUK2O2" failures="0" tests="9" name="com.automation.tests.LoginTests" time="30.601" errors="0" timestamp="2026-01-19T17:43:18 IST" skipped="0">
  <testcase classname="com.automation.tests.LoginTests" name="verifyLoginPageIsDisplayed" time="3.270"/>
  <testcase classname="com.automation.tests.LoginTests" name="verifyLoginWithValidCredentials" time="4.401"/>
  <testcase classname="com.automation.tests.LoginTests" name="verifyLoginWithIncorrectPassword" time="4.545"/>
  <testcase classname="com.automation.tests.LoginTests" name="verifyLoginWithUnregisteredEmail" time="4.219"/>
  <testcase classname="com.automation.tests.LoginTests" name="verifyPasswordMasking" time="1.716"/>
  <testcase classname="com.automation.tests.LoginTests" name="verifyCaseSensitivityPassword" time="4.477"/>
  <testcase classname="com.automation.tests.LoginTests" name="verifyBlankSubmission" time="2.300"/>
  <testcase classname="com.automation.tests.LoginTests" name="verifyInvalidEmailFormatValidation" time="2.789"/>
  <testcase classname="com.automation.tests.LoginTests" name="verifyPasswordVisibilityToggle" time="2.884"/>
</testsuite> <!-- com.automation.tests.LoginTests -->
