<?xml version="1.0" encoding="UTF-8"?>
<!-- Generated by org.testng.reporters.JUnitReportReporter -->
<testsuite hostname="LAPTOP-E8FUK2O2" failures="0" tests="3" name="com.automation.tests.LoginTests" time="12.046" errors="0" timestamp="2026-01-15T17:39:05 IST" skipped="0">
  <testcase classname="com.automation.tests.LoginTests" name="verifyLoginPageIsDisplayed" time="1.756"/>
  <testcase classname="com.automation.tests.LoginTests" name="verifyLoginWithValidCredentials" time="4.521"/>
  <testcase classname="com.automation.tests.LoginTests" name="verifyLoginWithInValidPassword" time="5.769"/>
</testsuite> <!-- com.automation.tests.LoginTests -->
