<?xml version="1.0" encoding="UTF-8"?>
<!-- Generated by org.testng.reporters.JUnitReportReporter -->
<testsuite hostname="LAPTOP-E8FUK2O2" failures="0" tests="4" name="com.automation.tests.SelectLoginTypeTests" time="112.087" errors="0" timestamp="2026-02-05T17:36:52 IST" skipped="0">
  <testcase classname="com.automation.tests.SelectLoginTypeTests" name="TC_PL_001_verifyBackOfficeAdminDashboardAccess" time="23.718"/>
  <testcase classname="com.automation.tests.SelectLoginTypeTests" name="TC_PL_002_003_verifyHotelLoginRedirection" time="21.213"/>
  <testcase classname="com.automation.tests.SelectLoginTypeTests" name="TC_PL_004_verifyLogoutFromBackOffice" time="46.131"/>
  <testcase classname="com.automation.tests.SelectLoginTypeTests" name="TC_PL_005_verifyHotelSearchSecurityAndEmptyResult" time="21.025"/>
</testsuite> <!-- com.automation.tests.SelectLoginTypeTests -->
