<?xml version="1.0" encoding="UTF-8"?>
<!-- Generated by org.testng.reporters.JUnitReportReporter -->
<testsuite hostname="LAPTOP-E8FUK2O2" failures="0" tests="2" name="com.automation.tests.LoginTests" time="5.813" errors="0" timestamp="2026-01-08T16:19:39 IST" skipped="0">
  <testcase classname="com.automation.tests.LoginTests" name="verifyLoginPageIsDisplayed" time="1.804"/>
  <testcase classname="com.automation.tests.LoginTests" name="verifyLoginWithValidCredentials" time="4.009"/>
</testsuite> <!-- com.automation.tests.LoginTests -->
