<?xml version="1.0" encoding="UTF-8"?>
<!-- Generated by org.testng.reporters.JUnitXMLReporter -->
<testsuite ignored="0" hostname="LAPTOP-E8FUK2O2" failures="0" tests="2" name="Login Tests" time="5.841" errors="0" timestamp="2026-01-08T16:19:39 IST">
  <testcase classname="com.automation.tests.LoginTests" name="verifyLoginPageIsDisplayed" time="0.204"/>
  <testcase classname="com.automation.tests.LoginTests" name="verifyLoginWithValidCredentials" time="1.196"/>
</testsuite> <!-- Login Tests -->
