<?xml version="1.0" encoding="UTF-8"?>
<!-- Generated by org.testng.reporters.JUnitXMLReporter -->
<testsuite ignored="0" hostname="LAPTOP-E8FUK2O2" failures="0" tests="9" name="Login Tests" time="30.634" errors="0" timestamp="2026-01-19T17:43:18 IST">
  <testcase classname="com.automation.tests.LoginTests" name="verifyLoginPageIsDisplayed" time="0.228"/>
  <testcase classname="com.automation.tests.LoginTests" name="verifyLoginWithValidCredentials" time="2.771"/>
  <testcase classname="com.automation.tests.LoginTests" name="verifyLoginWithIncorrectPassword" time="2.994"/>
  <testcase classname="com.automation.tests.LoginTests" name="verifyLoginWithUnregisteredEmail" time="2.66"/>
  <testcase classname="com.automation.tests.LoginTests" name="verifyPasswordMasking" time="0.103"/>
  <testcase classname="com.automation.tests.LoginTests" name="verifyCaseSensitivityPassword" time="2.763"/>
  <testcase classname="com.automation.tests.LoginTests" name="verifyBlankSubmission" time="0.804"/>
  <testcase classname="com.automation.tests.LoginTests" name="verifyInvalidEmailFormatValidation" time="1.221"/>
  <testcase classname="com.automation.tests.LoginTests" name="verifyPasswordVisibilityToggle" time="0.166"/>
</testsuite> <!-- Login Tests -->
