<?xml version="1.0" encoding="UTF-8"?>
<!-- Generated by org.testng.reporters.JUnitXMLReporter -->
<testsuite ignored="0" hostname="LAPTOP-E8FUK2O2" failures="0" tests="3" name="Login Tests" time="11.416" errors="0" timestamp="2026-01-15T17:36:48 IST">
  <testcase classname="com.automation.tests.LoginTests" name="verifyLoginPageIsDisplayed" time="0.212"/>
  <testcase classname="com.automation.tests.LoginTests" name="verifyLoginWithValidCredentials" time="2.583"/>
  <testcase classname="com.automation.tests.LoginTests" name="verifyLoginWithInValidPassword" time="2.657"/>
</testsuite> <!-- Login Tests -->
