<?xml version="1.0" encoding="UTF-8"?>
<!-- Generated by org.testng.reporters.JUnitXMLReporter -->
<testsuite ignored="4" hostname="LAPTOP-E8FUK2O2" failures="2" tests="19" name="Login Tests" time="120.41" errors="0" timestamp="2026-02-05T17:36:52 IST">
  <testcase classname="com.automation.tests.LoginTests" name="TC_BO_001_verifyLoginPageIsDisplayed" time="2.233"/>
  <testcase classname="com.automation.tests.LoginTests" name="TC_BO_002_verifyLoginWithValidCredentials" time="13.228"/>
  <testcase classname="com.automation.tests.SelectLoginTypeTests" name="TC_PL_001_verifyBackOfficeAdminDashboardAccess" time="19.738"/>
  <testcase classname="com.automation.tests.DashboardTests" name="TC_DB_001_verifyDashboardAccessAdmin" time="21.476"/>
  <testcase classname="com.automation.tests.LoginTests" name="TC_BO_003_verifyLoginWithIncorrectPassword" time="13.276"/>
  <testcase classname="com.automation.tests.DashboardTests" name="TC_DB_002_verifyDashboardAccessRestrictedUser" time="19.714"/>
  <testcase classname="com.automation.tests.SelectLoginTypeTests" name="TC_PL_002_003_verifyHotelLoginRedirection" time="18.588"/>
  <testcase classname="com.automation.tests.LoginTests" name="TC_BO_004_verifyLoginWithUnregisteredEmail" time="13.265"/>
  <testcase classname="com.automation.tests.SelectLoginTypeTests" name="TC_PL_005_verifyHotelSearchSecurityAndEmptyResult" time="18.691"/>
  <testcase classname="com.automation.tests.LoginTests" name="TC_BO_005_verifyPasswordMasking" time="0.089">
    <failure type="java.lang.AssertionError" message="Password field is not masked after input expected [true] but found [false]">
      <![CDATA[java.lang.AssertionError: Password field is not masked after input expected [true] but found [false]
at com.automation.tests.LoginTests.TC_BO_005_verifyPasswordMasking(LoginTests.java:143)
at java.base/java.util.concurrent.ThreadPoolExecutor.runWorker(ThreadPoolExecutor.java:1136)
at java.base/java.util.concurrent.ThreadPoolExecutor$Worker.run(ThreadPoolExecutor.java:635)
at java.base/java.lang.Thread.run(Thread.java:842)
... Removed 15 stack frames]]>
    </failure>
  </testcase> <!-- TC_BO_005_verifyPasswordMasking -->
  <testcase classname="com.automation.tests.DashboardTests" name="TC_DB_003_verifySidebarMenuRedirection" time="46.587"/>
  <testcase classname="com.automation.tests.SelectLoginTypeTests" name="TC_PL_004_verifyLogoutFromBackOffice" time="43.744"/>
  <testcase classname="com.automation.tests.LoginTests" name="TC_BO_006_verifyCaseSensitivityPassword" time="13.338"/>
  <testcase classname="com.automation.tests.LoginTests" name="TC_BO_007_verifyBlankSubmission" time="8.838"/>
  <testcase classname="com.automation.tests.LoginTests" name="TC_BO_009_verifyPasswordVisibilityToggle" time="0.096">
    <failure type="java.lang.AssertionError" message="Password is not visible after clicking eye icon expected [true] but found [false]">
      <![CDATA[java.lang.AssertionError: Password is not visible after clicking eye icon expected [true] but found [false]
at com.automation.tests.LoginTests.TC_BO_009_verifyPasswordVisibilityToggle(LoginTests.java:255)
at java.base/java.util.concurrent.ThreadPoolExecutor.runWorker(ThreadPoolExecutor.java:1136)
at java.base/java.util.concurrent.ThreadPoolExecutor$Worker.run(ThreadPoolExecutor.java:635)
at java.base/java.lang.Thread.run(Thread.java:842)
... Removed 15 stack frames]]>
    </failure>
  </testcase> <!-- TC_BO_009_verifyPasswordVisibilityToggle -->
  <testcase classname="com.automation.tests.LoginTests" name="TC_BO_010_verifyUrlManipulationAfterLogout" time="0.305"/>
  <testcase classname="com.automation.tests.LoginTests" name="TC_BO_008_verifyInvalidEmailFormatValidation" time="13.367"/>
  <testcase classname="com.automation.tests.LoginTests" name="TC_BO_011_verifySessionPersistenceUsingBackButton" time="13.439"/>
  <testcase classname="com.automation.tests.LoginTests" name="TC_BO_012_verifySQLInjectionAttempt" time="13.249"/>
  <testcase classname="com.automation.tests.BaseTest" name="@BeforeSuite beforeSuite" time="0.0">
    <ignored/>
  </testcase> <!-- @BeforeSuite beforeSuite -->
  <testcase classname="com.automation.tests.BaseTest" name="@AfterSuite afterSuite" time="0.0">
    <ignored/>
  </testcase> <!-- @AfterSuite afterSuite -->
  <testcase classname="com.automation.tests.BaseTest" name="@BeforeSuite beforeSuite" time="0.0">
    <ignored/>
  </testcase> <!-- @BeforeSuite beforeSuite -->
  <testcase classname="com.automation.tests.BaseTest" name="@AfterSuite afterSuite" time="0.0">
    <ignored/>
  </testcase> <!-- @AfterSuite afterSuite -->
</testsuite> <!-- Login Tests -->
